{
  "RSpec": {
    "coverage": {
      "/Users/sashacooper/Desktop/pogroms/tictactoe/lib/board.rb": [
        1,
        1,
        null,
        1,
        null,
        1,
        null,
        1,
        null,
        1,
        null,
        1,
        60,
        60,
        null,
        null,
        1,
        300,
        null,
        null,
        1,
        724,
        null,
        null,
        1,
        240,
        null,
        null,
        1,
        0,
        null,
        null,
        1,
        7,
        null,
        null,
        1,
        48,
        null,
        null,
        1,
        44,
        44,
        44,
        132,
        132,
        null,
        44,
        null,
        null,
        null
      ],
      "/Users/sashacooper/Desktop/pogroms/tictactoe/lib/row.rb": [
        1,
        null,
        1,
        null,
        1,
        286,
        null,
        null,
        1,
        0,
        null,
        null,
        1,
        6,
        null,
        null,
        1,
        null,
        46,
        null,
        null,
        null,
        null,
        1,
        1,
        26,
        null,
        null
      ],
      "/Users/sashacooper/Desktop/pogroms/tictactoe/lib/square.rb": [
        1,
        null,
        1,
        null,
        1,
        49,
        null,
        null,
        1,
        91,
        13,
        null,
        null,
        1,
        2,
        1,
        null,
        null,
        1,
        16,
        null,
        null,
        1,
        null,
        1,
        0,
        null,
        null,
        null
      ],
      "/Users/sashacooper/Desktop/pogroms/tictactoe/lib/computer_player.rb": [
        1,
        1,
        null,
        1,
        null,
        1,
        null,
        1,
        75,
        null,
        null,
        1,
        28,
        null,
        null,
        1,
        76,
        null,
        null,
        1,
        12,
        null,
        null,
        1,
        11,
        11,
        11,
        11,
        10,
        8,
        6,
        null,
        null,
        1,
        6,
        24,
        null,
        null,
        null,
        1,
        7,
        1,
        1,
        null,
        null,
        null,
        1,
        8,
        3,
        3,
        null,
        null,
        null,
        1,
        4,
        2,
        null,
        null,
        null,
        1,
        3,
        null,
        null,
        1,
        12,
        12,
        null,
        null,
        1,
        8,
        88,
        null,
        null,
        null,
        1,
        20,
        220,
        null,
        null,
        null,
        1,
        32,
        31,
        29,
        null,
        null,
        1,
        59,
        null,
        null,
        1,
        44,
        null,
        null,
        1,
        80,
        null,
        null,
        1,
        7,
        null,
        null,
        1,
        6,
        null,
        2,
        null,
        null,
        1,
        3,
        33,
        null,
        null,
        null,
        1,
        3,
        null,
        null,
        1,
        6,
        null,
        null,
        1,
        29,
        null,
        null,
        1,
        29,
        null,
        null,
        1,
        29,
        null,
        null,
        null
      ],
      "/Users/sashacooper/Desktop/pogroms/tictactoe/lib/player.rb": [
        1,
        1,
        null,
        1,
        null,
        1,
        1,
        null,
        1,
        70,
        70,
        null,
        null,
        1,
        7,
        null,
        null,
        1,
        7,
        null,
        null,
        1,
        1,
        null,
        null,
        null
      ],
      "/Users/sashacooper/Desktop/pogroms/tictactoe/lib/mark.rb": [
        1,
        null,
        1,
        null,
        1,
        291,
        null,
        null,
        1,
        100,
        null,
        null,
        1,
        98,
        98,
        null,
        null,
        1,
        null,
        1,
        98,
        98,
        null,
        null,
        1,
        2,
        null,
        null,
        1,
        98,
        95,
        null,
        null,
        null
      ],
      "/Users/sashacooper/Desktop/pogroms/tictactoe/lib/game.rb": [
        1,
        1,
        1,
        null,
        1,
        null,
        1,
        null,
        1,
        null,
        1,
        12,
        12,
        12,
        null,
        null,
        1,
        13,
        null,
        null,
        1,
        10,
        null,
        null,
        1,
        26,
        null,
        null,
        1,
        4,
        4,
        null,
        null,
        1,
        10,
        10,
        10,
        null,
        null,
        1,
        11,
        3,
        3,
        8,
        1,
        1,
        null,
        null,
        null,
        1,
        null,
        1,
        0,
        0,
        0,
        null,
        null,
        1,
        0,
        0,
        null,
        null,
        1,
        33,
        15,
        null,
        null,
        null
      ],
      "/Users/sashacooper/Desktop/pogroms/tictactoe/lib/human_player.rb": [
        1,
        null,
        1,
        null,
        1,
        8,
        8,
        8,
        null,
        null,
        1,
        8,
        8,
        8,
        null,
        null,
        1,
        9,
        2,
        2,
        null,
        null,
        null,
        1,
        null,
        1,
        16,
        2,
        2,
        null,
        null,
        null
      ],
      "/Users/sashacooper/Desktop/pogroms/tictactoe/lib/win_checker.rb": [
        1,
        null,
        1,
        null,
        1,
        27,
        null,
        null,
        1,
        34,
        null,
        null,
        1,
        38,
        null,
        null,
        1,
        32,
        null,
        null,
        1,
        37,
        null,
        null,
        1,
        34,
        null,
        null,
        1,
        76,
        152,
        null,
        null,
        null,
        null
      ],
      "/Users/sashacooper/Desktop/pogroms/tictactoe/spec/computer_player_spec.rb": [
        1,
        null,
        1,
        null,
        1,
        33,
        null,
        null,
        34,
        13,
        9,
        8,
        4,
        4,
        1,
        null,
        1,
        null,
        1,
        1,
        1,
        1,
        1,
        1,
        1,
        1,
        null,
        null,
        1,
        1,
        null,
        null,
        1,
        1,
        null,
        null,
        1,
        1,
        null,
        null,
        1,
        null,
        1,
        1,
        1,
        1,
        1,
        1,
        null,
        null,
        1,
        null,
        1,
        1,
        1,
        1,
        null,
        null,
        1,
        1,
        1,
        1,
        1,
        null,
        null,
        1,
        null,
        1,
        1,
        1,
        1,
        1,
        null,
        null,
        1,
        1,
        1,
        1,
        1,
        1,
        null,
        null,
        1,
        1,
        1,
        1,
        1,
        null,
        null,
        1,
        1,
        1,
        1,
        null,
        null,
        1,
        1,
        1,
        1,
        1,
        1,
        null,
        null,
        1,
        1,
        1,
        1,
        1,
        null,
        null,
        1,
        1,
        1,
        1,
        1,
        1,
        1,
        null,
        null,
        1,
        1,
        1,
        1,
        1,
        1,
        null,
        null,
        null,
        null,
        1,
        null,
        1,
        1,
        1,
        1,
        1,
        1,
        null,
        null,
        1,
        1,
        1,
        1,
        1,
        1,
        null,
        null,
        null,
        null,
        1,
        null,
        1,
        1,
        1,
        1,
        null,
        null,
        1,
        1,
        1,
        1,
        null,
        null,
        1,
        1,
        1,
        null,
        null,
        1,
        1,
        1,
        1,
        1,
        1,
        1,
        null,
        null,
        1,
        1,
        1,
        1,
        null,
        null,
        1,
        1,
        1,
        1,
        1,
        null,
        null,
        1,
        1,
        1,
        null,
        null,
        null,
        null,
        1,
        null,
        1,
        1,
        1,
        1,
        null,
        null,
        1,
        1,
        1,
        1,
        1,
        1,
        1,
        1,
        1,
        1,
        null,
        null,
        1,
        1,
        1,
        1,
        null,
        null,
        1,
        1,
        1,
        1,
        1,
        null,
        null,
        1,
        1,
        1,
        1,
        1,
        1,
        1,
        1,
        null,
        null,
        1,
        1,
        1,
        1,
        1,
        null,
        null,
        1,
        1,
        1,
        1,
        1,
        null,
        null,
        1,
        1,
        1,
        1,
        1,
        null,
        null,
        1,
        1,
        null,
        null,
        1,
        null,
        null,
        null,
        null,
        1,
        43,
        null,
        null,
        1,
        16,
        null,
        null,
        1,
        15,
        null,
        null,
        1,
        4,
        null,
        null,
        1,
        4,
        null,
        null,
        1,
        3,
        null,
        null,
        1,
        4,
        null,
        null,
        1,
        2,
        null,
        null,
        1,
        3,
        3,
        3,
        3,
        null,
        null,
        null
      ],
      "/Users/sashacooper/Desktop/pogroms/tictactoe/spec/game_spec.rb": [
        1,
        null,
        1,
        null,
        1,
        11,
        11,
        11,
        11,
        null,
        null,
        11,
        null,
        1,
        null,
        1,
        1,
        1,
        null,
        null,
        1,
        1,
        1,
        1,
        1,
        1,
        1,
        1,
        1,
        1,
        null,
        null,
        null,
        null,
        1,
        null,
        1,
        1,
        1,
        1,
        null,
        null,
        1,
        1,
        1,
        1,
        null,
        null,
        null,
        null,
        1,
        null,
        1,
        1,
        1,
        1,
        1,
        null,
        null,
        1,
        1,
        1,
        1,
        1,
        null,
        null,
        1,
        1,
        1,
        1,
        null,
        null,
        1,
        1,
        1,
        1,
        null,
        null,
        1,
        1,
        1,
        1,
        1,
        1,
        null,
        null,
        1,
        1,
        1,
        1,
        1,
        null,
        null,
        1,
        1,
        1,
        1,
        1,
        null,
        null,
        null,
        null,
        null
      ],
      "/Users/sashacooper/Desktop/pogroms/tictactoe/spec/human_player_spec.rb": [
        1,
        null,
        1,
        null,
        1,
        7,
        null,
        null,
        8,
        null,
        1,
        null,
        1,
        1,
        1,
        1,
        null,
        null,
        1,
        1,
        1,
        1,
        null,
        null,
        1,
        1,
        1,
        1,
        null,
        null,
        1,
        1,
        1,
        1,
        null,
        null,
        null,
        1,
        1,
        1,
        1,
        1,
        1,
        null,
        null,
        1,
        1,
        1,
        1,
        1,
        1,
        null,
        null,
        1,
        1,
        1,
        1,
        1,
        1,
        1,
        1,
        1,
        null,
        null,
        null,
        null,
        null
      ],
      "/Users/sashacooper/Desktop/pogroms/tictactoe/spec/mark_spec.rb": [
        1,
        null,
        1,
        null,
        1,
        2,
        null,
        null,
        1,
        1,
        1,
        1,
        1,
        null,
        null,
        1,
        1,
        1,
        null,
        null,
        null
      ],
      "/Users/sashacooper/Desktop/pogroms/tictactoe/spec/player_spec.rb": [
        1,
        null,
        1,
        null,
        5,
        3,
        2,
        null,
        1,
        1,
        1,
        1,
        null,
        null,
        1,
        1,
        null,
        null,
        1,
        1,
        1,
        null,
        null,
        1,
        2,
        null,
        null,
        null
      ],
      "/Users/sashacooper/Desktop/pogroms/tictactoe/spec/row_spec.rb": [
        1,
        null,
        1,
        null,
        1,
        null,
        3,
        null,
        1,
        1,
        1,
        null,
        null,
        1,
        1,
        1,
        1,
        1,
        null,
        null,
        1,
        1,
        null,
        null,
        null,
        null,
        null
      ],
      "/Users/sashacooper/Desktop/pogroms/tictactoe/spec/square_spec.rb": [
        1,
        null,
        1,
        null,
        1,
        7,
        null,
        null,
        null,
        null,
        null,
        1,
        1,
        1,
        null,
        null,
        1,
        1,
        1,
        1,
        null,
        null,
        1,
        1,
        1,
        null,
        null,
        1,
        1,
        1,
        1,
        1,
        1,
        null,
        null,
        null,
        1,
        1,
        null,
        null,
        1,
        1,
        1,
        1,
        1,
        null,
        null,
        null,
        null,
        null,
        null,
        null,
        null,
        null,
        null,
        null
      ],
      "/Users/sashacooper/Desktop/pogroms/tictactoe/spec/win_checker_spec.rb": [
        1,
        null,
        2,
        null,
        1,
        null,
        1,
        20,
        null,
        null,
        1,
        8,
        null,
        null,
        16,
        null,
        1,
        15,
        null,
        null,
        1,
        4,
        1,
        null,
        null,
        1,
        4,
        1,
        null,
        null,
        1,
        1,
        null,
        null,
        1,
        1,
        1,
        null,
        null,
        1,
        1,
        1,
        null,
        null,
        1,
        1,
        null,
        null,
        1,
        1,
        1,
        null,
        null,
        1,
        1,
        1,
        null,
        null,
        1,
        1,
        null,
        null,
        1,
        1,
        1,
        1,
        1,
        1,
        null,
        null,
        1,
        1,
        1,
        1,
        1,
        1,
        null,
        null,
        1,
        1,
        1,
        1,
        1,
        null,
        null,
        1,
        1,
        1,
        1,
        1,
        1,
        1,
        null,
        null,
        1,
        1,
        null,
        null,
        1,
        4,
        1,
        null,
        null,
        null
      ]
    },
    "timestamp": 1413278431
  }
}
